<?xml version="1.0" encoding="UTF-8"?>
<!-- Generated by org.testng.reporters.JUnitXMLReporter -->
<testsuite ignored="0" hostname="LAPTOP-7B0FHFO5" failures="1" tests="4" name="FirefoxTest" time="217.603" errors="0" timestamp="2022-09-14T16:19:23 IST">
  <testcase classname="tempTestPack.TestNG2" name="test3" time="12.916"/>
  <testcase classname="tempTestPack.TestNG2" name="test4" time="7.307"/>
  <testcase classname="tempTestPack.TestNG1" name="test1" time="15.877"/>
  <testcase classname="tempTestPack.TestNG1" name="test2" time="7.37">
    <failure type="java.lang.AssertionError" message="The following asserts failed:
	expected [Amazon.in: Selling on Amazon - Start Selling Now] but found [Amazon.in: Amazon Fresh]">
      <![CDATA[java.lang.AssertionError: The following asserts failed:
expected [Amazon.in: Selling on Amazon - Start Selling Now] but found [Amazon.in: Amazon Fresh]
at tempTestPack.TestNG1.test2(TestNG1.java:132)
at java.base/java.util.ArrayList.forEach(ArrayList.java:1511)
... Removed 27 stack frames]]>
    </failure>
  </testcase> <!-- test2 -->
</testsuite> <!-- FirefoxTest -->
