<?xml version="1.0" encoding="UTF-8"?>
<testng-results ignored="0" total="8" passed="7" failed="1" skipped="0">
  <reporter-output>
  </reporter-output>
  <suite started-at="2022-09-14T16:07:16 IST" name="Suite" finished-at="2022-09-14T16:19:23 IST" duration-ms="726905">
    <groups>
    </groups>
    <test started-at="2022-09-14T16:07:16 IST" name="ChromeTest" finished-at="2022-09-14T16:15:44 IST" duration-ms="508233">
      <class name="tempTestPack.TestNG2">
        <test-method is-config="true" signature="beforeTest(java.lang.String)[pri:0, instance:tempTestPack.TestNG2@6356695f]" started-at="2022-09-14T16:07:37 IST" name="beforeTest" finished-at="2022-09-14T16:07:47 IST" duration-ms="9605" status="PASS">
          <params>
            <param index="0">
              <value>
                <![CDATA[Chrome]]>
              </value>
            </param>
          </params>
          <reporter-output>
          </reporter-output>
        </test-method> <!-- beforeTest -->
        <test-method is-config="true" signature="beforeClass()[pri:0, instance:tempTestPack.TestNG2@6356695f]" started-at="2022-09-14T16:07:47 IST" name="beforeClass" finished-at="2022-09-14T16:07:48 IST" duration-ms="1053" status="PASS">
          <reporter-output>
          </reporter-output>
        </test-method> <!-- beforeClass -->
        <test-method is-config="true" signature="beforeMethod()[pri:0, instance:tempTestPack.TestNG2@6356695f]" started-at="2022-09-14T16:07:48 IST" name="beforeMethod" finished-at="2022-09-14T16:10:59 IST" duration-ms="190581" status="PASS">
          <reporter-output>
          </reporter-output>
        </test-method> <!-- beforeMethod -->
        <test-method signature="test3()[pri:0, instance:tempTestPack.TestNG2@6356695f]" started-at="2022-09-14T16:10:59 IST" name="test3" finished-at="2022-09-14T16:11:31 IST" duration-ms="31899" status="PASS">
          <reporter-output>
          </reporter-output>
        </test-method> <!-- test3 -->
        <test-method is-config="true" signature="afterMethod()[pri:0, instance:tempTestPack.TestNG2@6356695f]" started-at="2022-09-14T16:11:31 IST" name="afterMethod" finished-at="2022-09-14T16:11:36 IST" duration-ms="5532" status="PASS">
          <reporter-output>
          </reporter-output>
        </test-method> <!-- afterMethod -->
        <test-method is-config="true" signature="beforeMethod()[pri:0, instance:tempTestPack.TestNG2@6356695f]" started-at="2022-09-14T16:11:36 IST" name="beforeMethod" finished-at="2022-09-14T16:12:07 IST" duration-ms="31247" status="PASS">
          <reporter-output>
          </reporter-output>
        </test-method> <!-- beforeMethod -->
        <test-method signature="test4()[pri:0, instance:tempTestPack.TestNG2@6356695f]" started-at="2022-09-14T16:12:07 IST" name="test4" finished-at="2022-09-14T16:12:24 IST" duration-ms="16497" status="PASS">
          <reporter-output>
          </reporter-output>
        </test-method> <!-- test4 -->
        <test-method is-config="true" signature="afterMethod()[pri:0, instance:tempTestPack.TestNG2@6356695f]" started-at="2022-09-14T16:12:24 IST" name="afterMethod" finished-at="2022-09-14T16:12:29 IST" duration-ms="5358" status="PASS">
          <reporter-output>
          </reporter-output>
        </test-method> <!-- afterMethod -->
        <test-method is-config="true" signature="afterClass()[pri:0, instance:tempTestPack.TestNG2@6356695f]" started-at="2022-09-14T16:12:29 IST" name="afterClass" finished-at="2022-09-14T16:12:29 IST" duration-ms="0" status="PASS">
          <reporter-output>
          </reporter-output>
        </test-method> <!-- afterClass -->
        <test-method is-config="true" signature="afterTest()[pri:0, instance:tempTestPack.TestNG2@6356695f]" started-at="2022-09-14T16:15:41 IST" name="afterTest" finished-at="2022-09-14T16:15:44 IST" duration-ms="2891" status="PASS">
          <reporter-output>
          </reporter-output>
        </test-method> <!-- afterTest -->
      </class> <!-- tempTestPack.TestNG2 -->
      <class name="tempTestPack.TestNG1">
        <test-method is-config="true" signature="beforeTest(java.lang.String)[pri:0, instance:tempTestPack.TestNG1@4fb61f4a]" started-at="2022-09-14T16:07:16 IST" name="beforeTest" finished-at="2022-09-14T16:07:37 IST" duration-ms="21733" status="PASS">
          <params>
            <param index="0">
              <value>
                <![CDATA[Chrome]]>
              </value>
            </param>
          </params>
          <reporter-output>
          </reporter-output>
        </test-method> <!-- beforeTest -->
        <test-method is-config="true" signature="beforeClass()[pri:0, instance:tempTestPack.TestNG1@4fb61f4a]" started-at="2022-09-14T16:12:29 IST" name="beforeClass" finished-at="2022-09-14T16:12:29 IST" duration-ms="85" status="PASS">
          <reporter-output>
          </reporter-output>
        </test-method> <!-- beforeClass -->
        <test-method is-config="true" signature="beforeMethod()[pri:0, instance:tempTestPack.TestNG1@4fb61f4a]" started-at="2022-09-14T16:12:29 IST" name="beforeMethod" finished-at="2022-09-14T16:13:36 IST" duration-ms="66943" status="PASS">
          <reporter-output>
          </reporter-output>
        </test-method> <!-- beforeMethod -->
        <test-method signature="test1()[pri:0, instance:tempTestPack.TestNG1@4fb61f4a]" started-at="2022-09-14T16:13:36 IST" name="test1" finished-at="2022-09-14T16:14:26 IST" duration-ms="49987" status="PASS">
          <reporter-output>
          </reporter-output>
        </test-method> <!-- test1 -->
        <test-method is-config="true" signature="afterMethod()[pri:0, instance:tempTestPack.TestNG1@4fb61f4a]" started-at="2022-09-14T16:14:26 IST" name="afterMethod" finished-at="2022-09-14T16:14:32 IST" duration-ms="5883" status="PASS">
          <reporter-output>
          </reporter-output>
        </test-method> <!-- afterMethod -->
        <test-method is-config="true" signature="beforeMethod()[pri:0, instance:tempTestPack.TestNG1@4fb61f4a]" started-at="2022-09-14T16:14:32 IST" name="beforeMethod" finished-at="2022-09-14T16:15:00 IST" duration-ms="27831" status="PASS">
          <reporter-output>
          </reporter-output>
        </test-method> <!-- beforeMethod -->
        <test-method signature="test2()[pri:0, instance:tempTestPack.TestNG1@4fb61f4a]" started-at="2022-09-14T16:15:00 IST" name="test2" finished-at="2022-09-14T16:15:32 IST" duration-ms="31848" status="PASS">
          <reporter-output>
          </reporter-output>
        </test-method> <!-- test2 -->
        <test-method is-config="true" signature="afterMethod()[pri:0, instance:tempTestPack.TestNG1@4fb61f4a]" started-at="2022-09-14T16:15:32 IST" name="afterMethod" finished-at="2022-09-14T16:15:38 IST" duration-ms="5707" status="PASS">
          <reporter-output>
          </reporter-output>
        </test-method> <!-- afterMethod -->
        <test-method is-config="true" signature="afterClass()[pri:0, instance:tempTestPack.TestNG1@4fb61f4a]" started-at="2022-09-14T16:15:38 IST" name="afterClass" finished-at="2022-09-14T16:15:38 IST" duration-ms="1" status="PASS">
          <reporter-output>
          </reporter-output>
        </test-method> <!-- afterClass -->
        <test-method is-config="true" signature="afterTest()[pri:0, instance:tempTestPack.TestNG1@4fb61f4a]" started-at="2022-09-14T16:15:38 IST" name="afterTest" finished-at="2022-09-14T16:15:41 IST" duration-ms="3382" status="PASS">
          <reporter-output>
          </reporter-output>
        </test-method> <!-- afterTest -->
      </class> <!-- tempTestPack.TestNG1 -->
    </test> <!-- ChromeTest -->
    <test started-at="2022-09-14T16:15:45 IST" name="FirefoxTest" finished-at="2022-09-14T16:19:23 IST" duration-ms="217603">
      <class name="tempTestPack.TestNG2">
        <test-method is-config="true" signature="beforeTest(java.lang.String)[pri:0, instance:tempTestPack.TestNG2@2f9f7dcf]" started-at="2022-09-14T16:16:35 IST" name="beforeTest" finished-at="2022-09-14T16:16:42 IST" duration-ms="6496" status="PASS">
          <params>
            <param index="0">
              <value>
                <![CDATA[Edge]]>
              </value>
            </param>
          </params>
          <reporter-output>
          </reporter-output>
        </test-method> <!-- beforeTest -->
        <test-method is-config="true" signature="beforeClass()[pri:0, instance:tempTestPack.TestNG2@2f9f7dcf]" started-at="2022-09-14T16:16:42 IST" name="beforeClass" finished-at="2022-09-14T16:16:42 IST" duration-ms="2" status="PASS">
          <reporter-output>
          </reporter-output>
        </test-method> <!-- beforeClass -->
        <test-method is-config="true" signature="beforeMethod()[pri:0, instance:tempTestPack.TestNG2@2f9f7dcf]" started-at="2022-09-14T16:16:42 IST" name="beforeMethod" finished-at="2022-09-14T16:17:24 IST" duration-ms="42666" status="PASS">
          <reporter-output>
          </reporter-output>
        </test-method> <!-- beforeMethod -->
        <test-method signature="test3()[pri:0, instance:tempTestPack.TestNG2@2f9f7dcf]" started-at="2022-09-14T16:17:24 IST" name="test3" finished-at="2022-09-14T16:17:37 IST" duration-ms="12916" status="PASS">
          <reporter-output>
          </reporter-output>
        </test-method> <!-- test3 -->
        <test-method is-config="true" signature="afterMethod()[pri:0, instance:tempTestPack.TestNG2@2f9f7dcf]" started-at="2022-09-14T16:17:37 IST" name="afterMethod" finished-at="2022-09-14T16:17:44 IST" duration-ms="6310" status="PASS">
          <reporter-output>
          </reporter-output>
        </test-method> <!-- afterMethod -->
        <test-method is-config="true" signature="beforeMethod()[pri:0, instance:tempTestPack.TestNG2@2f9f7dcf]" started-at="2022-09-14T16:17:44 IST" name="beforeMethod" finished-at="2022-09-14T16:17:56 IST" duration-ms="12150" status="PASS">
          <reporter-output>
          </reporter-output>
        </test-method> <!-- beforeMethod -->
        <test-method signature="test4()[pri:0, instance:tempTestPack.TestNG2@2f9f7dcf]" started-at="2022-09-14T16:17:56 IST" name="test4" finished-at="2022-09-14T16:18:03 IST" duration-ms="7307" status="PASS">
          <reporter-output>
          </reporter-output>
        </test-method> <!-- test4 -->
        <test-method is-config="true" signature="afterMethod()[pri:0, instance:tempTestPack.TestNG2@2f9f7dcf]" started-at="2022-09-14T16:18:03 IST" name="afterMethod" finished-at="2022-09-14T16:18:09 IST" duration-ms="6037" status="PASS">
          <reporter-output>
          </reporter-output>
        </test-method> <!-- afterMethod -->
        <test-method is-config="true" signature="afterClass()[pri:0, instance:tempTestPack.TestNG2@2f9f7dcf]" started-at="2022-09-14T16:18:09 IST" name="afterClass" finished-at="2022-09-14T16:18:09 IST" duration-ms="0" status="PASS">
          <reporter-output>
          </reporter-output>
        </test-method> <!-- afterClass -->
        <test-method is-config="true" signature="afterTest()[pri:0, instance:tempTestPack.TestNG2@2f9f7dcf]" started-at="2022-09-14T16:19:21 IST" name="afterTest" finished-at="2022-09-14T16:19:23 IST" duration-ms="1273" status="PASS">
          <reporter-output>
          </reporter-output>
        </test-method> <!-- afterTest -->
      </class> <!-- tempTestPack.TestNG2 -->
      <class name="tempTestPack.TestNG1">
        <test-method is-config="true" signature="beforeTest(java.lang.String)[pri:0, instance:tempTestPack.TestNG1@747ddf94]" started-at="2022-09-14T16:15:45 IST" name="beforeTest" finished-at="2022-09-14T16:16:35 IST" duration-ms="50198" status="PASS">
          <params>
            <param index="0">
              <value>
                <![CDATA[Edge]]>
              </value>
            </param>
          </params>
          <reporter-output>
          </reporter-output>
        </test-method> <!-- beforeTest -->
        <test-method is-config="true" signature="beforeClass()[pri:0, instance:tempTestPack.TestNG1@747ddf94]" started-at="2022-09-14T16:18:09 IST" name="beforeClass" finished-at="2022-09-14T16:18:09 IST" duration-ms="1" status="PASS">
          <reporter-output>
          </reporter-output>
        </test-method> <!-- beforeClass -->
        <test-method is-config="true" signature="beforeMethod()[pri:0, instance:tempTestPack.TestNG1@747ddf94]" started-at="2022-09-14T16:18:09 IST" name="beforeMethod" finished-at="2022-09-14T16:18:28 IST" duration-ms="18776" status="PASS">
          <reporter-output>
          </reporter-output>
        </test-method> <!-- beforeMethod -->
        <test-method signature="test1()[pri:0, instance:tempTestPack.TestNG1@747ddf94]" started-at="2022-09-14T16:18:28 IST" name="test1" finished-at="2022-09-14T16:18:44 IST" duration-ms="15877" status="PASS">
          <reporter-output>
          </reporter-output>
        </test-method> <!-- test1 -->
        <test-method is-config="true" signature="afterMethod()[pri:0, instance:tempTestPack.TestNG1@747ddf94]" started-at="2022-09-14T16:18:44 IST" name="afterMethod" finished-at="2022-09-14T16:18:49 IST" duration-ms="5544" status="PASS">
          <reporter-output>
          </reporter-output>
        </test-method> <!-- afterMethod -->
        <test-method is-config="true" signature="beforeMethod()[pri:0, instance:tempTestPack.TestNG1@747ddf94]" started-at="2022-09-14T16:18:49 IST" name="beforeMethod" finished-at="2022-09-14T16:19:00 IST" duration-ms="10741" status="PASS">
          <reporter-output>
          </reporter-output>
        </test-method> <!-- beforeMethod -->
        <test-method signature="test2()[pri:0, instance:tempTestPack.TestNG1@747ddf94]" started-at="2022-09-14T16:19:00 IST" name="test2" finished-at="2022-09-14T16:19:07 IST" duration-ms="7370" status="FAIL">
          <exception class="java.lang.AssertionError">
            <message>
              <![CDATA[The following asserts failed:
expected [Amazon.in: Selling on Amazon - Start Selling Now] but found [Amazon.in: Amazon Fresh]]]>
            </message>
            <full-stacktrace>
              <![CDATA[java.lang.AssertionError: The following asserts failed:
expected [Amazon.in: Selling on Amazon - Start Selling Now] but found [Amazon.in: Amazon Fresh]
at org.testng.asserts.SoftAssert.assertAll(SoftAssert.java:47)
at org.testng.asserts.SoftAssert.assertAll(SoftAssert.java:31)
at tempTestPack.TestNG1.test2(TestNG1.java:132)
at java.base/jdk.internal.reflect.DirectMethodHandleAccessor.invoke(DirectMethodHandleAccessor.java:104)
at java.base/java.lang.reflect.Method.invoke(Method.java:577)
at org.testng.internal.MethodInvocationHelper.invokeMethod(MethodInvocationHelper.java:133)
at org.testng.internal.TestInvoker.invokeMethod(TestInvoker.java:598)
at org.testng.internal.TestInvoker.invokeTestMethod(TestInvoker.java:173)
at org.testng.internal.MethodRunner.runInSequence(MethodRunner.java:46)
at org.testng.internal.TestInvoker$MethodInvocationAgent.invoke(TestInvoker.java:824)
at org.testng.internal.TestInvoker.invokeTestMethods(TestInvoker.java:146)
at org.testng.internal.TestMethodWorker.invokeTestMethods(TestMethodWorker.java:146)
at org.testng.internal.TestMethodWorker.run(TestMethodWorker.java:128)
at java.base/java.util.ArrayList.forEach(ArrayList.java:1511)
at org.testng.TestRunner.privateRun(TestRunner.java:794)
at org.testng.TestRunner.run(TestRunner.java:596)
at org.testng.SuiteRunner.runTest(SuiteRunner.java:377)
at org.testng.SuiteRunner.runSequentially(SuiteRunner.java:371)
at org.testng.SuiteRunner.privateRun(SuiteRunner.java:332)
at org.testng.SuiteRunner.run(SuiteRunner.java:276)
at org.testng.SuiteRunnerWorker.runSuite(SuiteRunnerWorker.java:53)
at org.testng.SuiteRunnerWorker.run(SuiteRunnerWorker.java:96)
at org.testng.TestNG.runSuitesSequentially(TestNG.java:1212)
at org.testng.TestNG.runSuitesLocally(TestNG.java:1134)
at org.testng.TestNG.runSuites(TestNG.java:1063)
at org.testng.TestNG.run(TestNG.java:1031)
at org.testng.remote.AbstractRemoteTestNG.run(AbstractRemoteTestNG.java:115)
at org.testng.remote.RemoteTestNG.initAndRun(RemoteTestNG.java:251)
at org.testng.remote.RemoteTestNG.main(RemoteTestNG.java:77)
]]>
            </full-stacktrace>
          </exception> <!-- java.lang.AssertionError -->
          <reporter-output>
          </reporter-output>
        </test-method> <!-- test2 -->
        <test-method is-config="true" signature="afterMethod()[pri:0, instance:tempTestPack.TestNG1@747ddf94]" started-at="2022-09-14T16:19:08 IST" name="afterMethod" finished-at="2022-09-14T16:19:14 IST" duration-ms="6168" status="PASS">
          <reporter-output>
          </reporter-output>
        </test-method> <!-- afterMethod -->
        <test-method is-config="true" signature="afterTest()[pri:0, instance:tempTestPack.TestNG1@747ddf94]" started-at="2022-09-14T16:19:14 IST" name="afterTest" finished-at="2022-09-14T16:19:21 IST" duration-ms="7335" status="PASS">
          <reporter-output>
          </reporter-output>
        </test-method> <!-- afterTest -->
        <test-method is-config="true" signature="afterClass()[pri:0, instance:tempTestPack.TestNG1@747ddf94]" started-at="2022-09-14T16:19:14 IST" name="afterClass" finished-at="2022-09-14T16:19:14 IST" duration-ms="0" status="PASS">
          <reporter-output>
          </reporter-output>
        </test-method> <!-- afterClass -->
      </class> <!-- tempTestPack.TestNG1 -->
    </test> <!-- FirefoxTest -->
  </suite> <!-- Suite -->
</testng-results>
